DEBUG:Show user role couldn't finish cause : role=0 (08/18/2022 04:32:00 PM)
DEBUG:Show user role couldn't finish cause : role=1 (08/18/2022 04:38:31 PM)
DEBUG:Show user role couldn't finish cause : role=0 (08/18/2022 04:40:20 PM)
DEBUG:Show user role couldn't finish cause : role=3 (08/18/2022 04:40:20 PM)
DEBUG:Show user role couldn't finish cause : role=0 (08/18/2022 04:40:20 PM)
DEBUG:Show user role couldn't finish cause : role=0 (08/18/2022 04:41:58 PM)
DEBUG:Show user role couldn't finish cause : role=3 (08/18/2022 04:41:58 PM)
DEBUG:Show user role couldn't finish cause : role=0 (08/18/2022 04:41:58 PM)
INFO:add couldn't finish cause : role= (08/18/2022 04:46:05 PM)
INFO:add couldn't finish cause : role= (08/18/2022 04:46:05 PM)
INFO:add couldn't finish cause : role=zz (08/18/2022 04:46:06 PM)
INFO:add couldn't finish cause : role= (08/18/2022 04:47:44 PM)
INFO:add couldn't finish cause : role= (08/18/2022 04:47:44 PM)
INFO:add couldn't finish cause : role=zz (08/18/2022 04:47:45 PM)
DEBUG:Show user role couldn't finish cause : role=0 (08/18/2022 04:47:46 PM)
DEBUG:Show user role couldn't finish cause : role=3 (08/18/2022 04:47:46 PM)
DEBUG:Show user role couldn't finish cause : role=0 (08/18/2022 04:47:46 PM)
INFO:add couldn't finish cause : role= (08/18/2022 04:48:17 PM)
INFO:add couldn't finish cause : role=zz (08/18/2022 04:48:18 PM)
INFO:add couldn't finish cause : role=zz (08/18/2022 04:48:18 PM)
DEBUG:Show user role couldn't finish cause : role=0 (08/18/2022 04:48:19 PM)
DEBUG:Show user role couldn't finish cause : role=3 (08/18/2022 04:48:19 PM)
DEBUG:Show user role couldn't finish cause : role=0 (08/18/2022 04:48:20 PM)
INFO:add couldn't finish cause : role= (08/18/2022 04:59:38 PM)
INFO:add couldn't finish cause : role=zz (08/18/2022 04:59:39 PM)
INFO:add couldn't finish cause : role=zz (08/18/2022 04:59:39 PM)
DEBUG:Show user role couldn't finish cause : role=0 (08/18/2022 04:59:40 PM)
DEBUG:Show user role couldn't finish cause : role=zz (08/18/2022 04:59:41 PM)
DEBUG:Show user role couldn't finish cause : role=0 (08/18/2022 04:59:41 PM)
DEBUG:Show user role couldn't finish cause : role=0 (08/18/2022 04:59:41 PM)
DEBUG:Show user role couldn't finish cause : role=zz (08/18/2022 04:59:42 PM)
DEBUG:Show user role couldn't finish cause : role=0 (08/18/2022 04:59:42 PM)
INFO:add couldn't finish cause : role= (08/18/2022 05:12:10 PM)
INFO:add couldn't finish cause : role=zz (08/18/2022 05:12:10 PM)
INFO:add couldn't finish cause : role=zz (08/18/2022 05:12:11 PM)
DEBUG:Show user role couldn't finish cause : role=0 (08/18/2022 05:12:12 PM)
DEBUG:Show user role couldn't finish cause : role=zz (08/18/2022 05:12:12 PM)
DEBUG:Show user role couldn't finish cause : role=0 (08/18/2022 05:12:12 PM)
DEBUG:Show user role couldn't finish cause : role=0 (08/18/2022 05:12:13 PM)
DEBUG:Show user role couldn't finish cause : role=zz (08/18/2022 05:12:13 PM)
DEBUG:Show user role couldn't finish cause : role=0 (08/18/2022 05:12:13 PM)
DEBUG:Show user role couldn't finish cause : role=0 (08/18/2022 06:22:59 PM)
INFO:add couldn't finish cause : role= (08/18/2022 11:34:51 PM)
INFO:add couldn't finish cause : role=zz (08/18/2022 11:34:51 PM)
INFO:add couldn't finish cause : role=zz (08/18/2022 11:34:51 PM)
INFO:add to couldn't finish cause : role=zz (08/18/2022 11:34:53 PM)
INFO:del couldn't finish cause : role= (08/18/2022 11:34:54 PM)
INFO:del couldn't finish cause : role=zz (08/18/2022 11:34:55 PM)
INFO:del couldn't finish cause : role=zz (08/18/2022 11:34:55 PM)
DEBUG:Show user role couldn't finish cause : role=0 (08/18/2022 11:34:57 PM)
DEBUG:Show user role couldn't finish cause : role=zz (08/18/2022 11:34:57 PM)
DEBUG:Show user role couldn't finish cause : role=0 (08/18/2022 11:34:57 PM)
DEBUG:Show user role couldn't finish cause : role=0 (08/18/2022 11:34:58 PM)
DEBUG:Show user role couldn't finish cause : role=zz (08/18/2022 11:34:58 PM)
DEBUG:Show user role couldn't finish cause : role=0 (08/18/2022 11:34:58 PM)
INFO:del couldn't finish cause : role= (08/18/2022 11:36:00 PM)
INFO:del couldn't finish cause : role=zz (08/18/2022 11:36:00 PM)
INFO:del couldn't finish cause : role=zz (08/18/2022 11:36:00 PM)
INFO:add to couldn't finish cause : role=zz (08/18/2022 11:36:10 PM)
INFO:add couldn't finish cause : role= (08/18/2022 11:39:26 PM)
INFO:add couldn't finish cause : role=zz (08/18/2022 11:39:27 PM)
INFO:add couldn't finish cause : role=zz (08/18/2022 11:39:27 PM)
INFO:add to couldn't finish cause : role=zz (08/18/2022 11:39:28 PM)
INFO:del couldn't finish cause : role= (08/18/2022 11:39:30 PM)
INFO:del couldn't finish cause : role=zz (08/18/2022 11:39:30 PM)
INFO:del couldn't finish cause : role=zz (08/18/2022 11:39:30 PM)
DEBUG:Show user role couldn't finish cause : role=0 (08/18/2022 11:39:32 PM)
DEBUG:Show user role couldn't finish cause : role=zz (08/18/2022 11:39:32 PM)
DEBUG:Show user role couldn't finish cause : role=0 (08/18/2022 11:39:33 PM)
DEBUG:Show user role couldn't finish cause : role=0 (08/18/2022 11:39:33 PM)
DEBUG:Show user role couldn't finish cause : role=zz (08/18/2022 11:39:34 PM)
DEBUG:Show user role couldn't finish cause : role=0 (08/18/2022 11:39:34 PM)
INFO:del couldn't finish cause : role= (08/18/2022 11:43:54 PM)
INFO:del couldn't finish cause : role=zz (08/18/2022 11:43:54 PM)
INFO:del couldn't finish cause : role=zz (08/18/2022 11:43:55 PM)
INFO:add to couldn't finish cause : role=zz (08/18/2022 11:44:04 PM)
INFO:add to couldn't finish cause : role=zz (08/18/2022 11:50:16 PM)
INFO:add to couldn't finish cause : role=zz (08/18/2022 11:54:00 PM)
INFO:del couldn't finish cause : role=test (08/18/2022 11:54:02 PM)
INFO:add to couldn't finish cause : role=zz (08/19/2022 12:00:20 AM)
INFO:add to couldn't finish cause : role=zz (08/19/2022 12:01:31 AM)
INFO:del couldn't finish cause : role= (08/19/2022 12:01:33 AM)
INFO:del couldn't finish cause : role=zz (08/19/2022 12:01:33 AM)
INFO:del couldn't finish cause : role=zz (08/19/2022 12:01:34 AM)
INFO:add couldn't finish cause : role= (08/19/2022 12:01:41 AM)
INFO:add couldn't finish cause : role=zz (08/19/2022 12:01:41 AM)
INFO:add couldn't finish cause : role=zz (08/19/2022 12:01:42 AM)
DEBUG:Show user role couldn't finish cause : role=0 (08/19/2022 12:01:43 AM)
DEBUG:Show user role couldn't finish cause : role=zz (08/19/2022 12:01:43 AM)
DEBUG:Show user role couldn't finish cause : role=0 (08/19/2022 12:01:43 AM)
DEBUG:Show user role couldn't finish cause : role=0 (08/19/2022 12:01:44 AM)
DEBUG:Show user role couldn't finish cause : role=zz (08/19/2022 12:01:45 AM)
DEBUG:Show user role couldn't finish cause : role=0 (08/19/2022 12:01:45 AM)
